# JRE version: OpenJDK Runtime Environment (8.0_242-b01) (build 1.8.0_242-release-1644-b01)
# Java VM: OpenJDK 64-Bit Server VM (25.242-b01 mixed mode windows-amd64 compressed oops)
Heap:
 PSYoungGen      total 342528K, used 176759K [0x00000000d5580000, 0x00000000eea80000, 0x0000000100000000)
  eden space 300032K, 52% used [0x00000000d5580000,0x00000000df024970,0x00000000e7a80000)
  from space 42496K, 43% used [0x00000000e7a80000,0x00000000e8c79490,0x00000000ea400000)
  to   space 40960K, 0% used [0x00000000ec280000,0x00000000ec280000,0x00000000eea80000)
 ParOldGen       total 166912K, used 85293K [0x0000000080000000, 0x000000008a300000, 0x00000000d5580000)
  object space 166912K, 51% used [0x0000000080000000,0x000000008534b430,0x000000008a300000)
 Metaspace       used 91515K, capacity 95968K, committed 96152K, reserved 1132544K
  class space    used 12004K, capacity 12859K, committed 12976K, reserved 1048576K
GC Heap History (10 events):
Event: 74.819 GC heap before
{Heap before GC invocations=17 (full 3):
 PSYoungGen      total 242176K, used 241284K [0x00000000d5580000, 0x00000000e8b00000, 0x0000000100000000)
  eden space 224256K, 100% used [0x00000000d5580000,0x00000000e3080000,0x00000000e3080000)
  from space 17920K, 95% used [0x00000000e3080000,0x00000000e4121100,0x00000000e4200000)
  to   space 20480K, 0% used [0x00000000e7700000,0x00000000e7700000,0x00000000e8b00000)
 ParOldGen       total 86016K, used 32853K [0x0000000080000000, 0x0000000085400000, 0x00000000d5580000)
  object space 86016K, 38% used [0x0000000080000000,0x0000000082015600,0x0000000085400000)
 Metaspace       used 80738K, capacity 84770K, committed 85016K, reserved 1122304K
  class space    used 10973K, capacity 11776K, committed 11824K, reserved 1048576K
Event: 74.961 GC heap after
Heap after GC invocations=17 (full 3):
 PSYoungGen      total 288768K, used 20473K [0x00000000d5580000, 0x00000000e9400000, 0x0000000100000000)
  eden space 268288K, 0% used [0x00000000d5580000,0x00000000d5580000,0x00000000e5b80000)
  from space 20480K, 99% used [0x00000000e7700000,0x00000000e8afe498,0x00000000e8b00000)
  to   space 28160K, 0% used [0x00000000e5b80000,0x00000000e5b80000,0x00000000e7700000)
 ParOldGen       total 86016K, used 45056K [0x0000000080000000, 0x0000000085400000, 0x00000000d5580000)
  object space 86016K, 52% used [0x0000000080000000,0x0000000082c00388,0x0000000085400000)
 Metaspace       used 80738K, capacity 84770K, committed 85016K, reserved 1122304K
  class space    used 10973K, capacity 11776K, committed 11824K, reserved 1048576K
}
Event: 423.553 GC heap before
{Heap before GC invocations=18 (full 3):
 PSYoungGen      total 288768K, used 288761K [0x00000000d5580000, 0x00000000e9400000, 0x0000000100000000)
  eden space 268288K, 100% used [0x00000000d5580000,0x00000000e5b80000,0x00000000e5b80000)
  from space 20480K, 99% used [0x00000000e7700000,0x00000000e8afe498,0x00000000e8b00000)
  to   space 28160K, 0% used [0x00000000e5b80000,0x00000000e5b80000,0x00000000e7700000)
 ParOldGen       total 86016K, used 45056K [0x0000000080000000, 0x0000000085400000, 0x00000000d5580000)
  object space 86016K, 52% used [0x0000000080000000,0x0000000082c00388,0x0000000085400000)
 Metaspace       used 89226K, capacity 93730K, committed 93976K, reserved 1130496K
  class space    used 11950K, capacity 12824K, committed 12848K, reserved 1048576K
Event: 423.696 GC heap after
Heap after GC invocations=18 (full 3):
 PSYoungGen      total 296448K, used 18286K [0x00000000d5580000, 0x00000000ec080000, 0x0000000100000000)
  eden space 268288K, 0% used [0x00000000d5580000,0x00000000d5580000,0x00000000e5b80000)
  from space 28160K, 64% used [0x00000000e5b80000,0x00000000e6d5b870,0x00000000e7700000)
  to   space 29184K, 0% used [0x00000000ea400000,0x00000000ea400000,0x00000000ec080000)
 ParOldGen       total 86016K, used 55569K [0x0000000080000000, 0x0000000085400000, 0x00000000d5580000)
  object space 86016K, 64% used [0x0000000080000000,0x00000000836444a8,0x0000000085400000)
 Metaspace       used 89226K, capacity 93730K, committed 93976K, reserved 1130496K
  class space    used 11950K, capacity 12824K, committed 12848K, reserved 1048576K
}
Event: 442.256 GC heap before
{Heap before GC invocations=19 (full 3):
 PSYoungGen      total 296448K, used 286574K [0x00000000d5580000, 0x00000000ec080000, 0x0000000100000000)
  eden space 268288K, 100% used [0x00000000d5580000,0x00000000e5b80000,0x00000000e5b80000)
  from space 28160K, 64% used [0x00000000e5b80000,0x00000000e6d5b870,0x00000000e7700000)
  to   space 29184K, 0% used [0x00000000ea400000,0x00000000ea400000,0x00000000ec080000)
 ParOldGen       total 86016K, used 55569K [0x0000000080000000, 0x0000000085400000, 0x00000000d5580000)
  object space 86016K, 64% used [0x0000000080000000,0x00000000836444a8,0x0000000085400000)
 Metaspace       used 90043K, capacity 94560K, committed 94744K, reserved 1130496K
  class space    used 11955K, capacity 12829K, committed 12848K, reserved 1048576K
Event: 442.505 GC heap after
Heap after GC invocations=19 (full 3):
 PSYoungGen      total 329216K, used 29180K [0x00000000d5580000, 0x00000000eda80000, 0x0000000100000000)
  eden space 300032K, 0% used [0x00000000d5580000,0x00000000d5580000,0x00000000e7a80000)
  from space 29184K, 99% used [0x00000000ea400000,0x00000000ec07f3b0,0x00000000ec080000)
  to   space 42496K, 0% used [0x00000000e7a80000,0x00000000e7a80000,0x00000000ea400000)
 ParOldGen       total 86016K, used 79088K [0x0000000080000000, 0x0000000085400000, 0x00000000d5580000)
  object space 86016K, 91% used [0x0000000080000000,0x0000000084d3c248,0x0000000085400000)
 Metaspace       used 90043K, capacity 94560K, committed 94744K, reserved 1130496K
  class space    used 11955K, capacity 12829K, committed 12848K, reserved 1048576K
}
Event: 442.505 GC heap before
{Heap before GC invocations=20 (full 4):
 PSYoungGen      total 329216K, used 29180K [0x00000000d5580000, 0x00000000eda80000, 0x0000000100000000)
  eden space 300032K, 0% used [0x00000000d5580000,0x00000000d5580000,0x00000000e7a80000)
  from space 29184K, 99% used [0x00000000ea400000,0x00000000ec07f3b0,0x00000000ec080000)
  to   space 42496K, 0% used [0x00000000e7a80000,0x00000000e7a80000,0x00000000ea400000)
 ParOldGen       total 86016K, used 79088K [0x0000000080000000, 0x0000000085400000, 0x00000000d5580000)
  object space 86016K, 91% used [0x0000000080000000,0x0000000084d3c248,0x0000000085400000)
 Metaspace       used 90043K, capacity 94560K, committed 94744K, reserved 1130496K
  class space    used 11955K, capacity 12829K, committed 12848K, reserved 1048576K
Event: 444.087 GC heap after
Heap after GC invocations=20 (full 4):
 PSYoungGen      total 329216K, used 0K [0x00000000d5580000, 0x00000000eda80000, 0x0000000100000000)
  eden space 300032K, 0% used [0x00000000d5580000,0x00000000d5580000,0x00000000e7a80000)
  from space 29184K, 0% used [0x00000000ea400000,0x00000000ea400000,0x00000000ec080000)
  to   space 42496K, 0% used [0x00000000e7a80000,0x00000000e7a80000,0x00000000ea400000)
 ParOldGen       total 166912K, used 85285K [0x0000000080000000, 0x000000008a300000, 0x00000000d5580000)
  object space 166912K, 51% used [0x0000000080000000,0x0000000085349430,0x000000008a300000)
 Metaspace       used 89691K, capacity 93580K, committed 94744K, reserved 1130496K
  class space    used 11836K, capacity 12621K, committed 12848K, reserved 1048576K
}
Event: 839.245 GC heap before
{Heap before GC invocations=21 (full 4):
 PSYoungGen      total 329216K, used 300032K [0x00000000d5580000, 0x00000000eda80000, 0x0000000100000000)
  eden space 300032K, 100% used [0x00000000d5580000,0x00000000e7a80000,0x00000000e7a80000)
  from space 29184K, 0% used [0x00000000ea400000,0x00000000ea400000,0x00000000ec080000)
  to   space 42496K, 0% used [0x00000000e7a80000,0x00000000e7a80000,0x00000000ea400000)
 ParOldGen       total 166912K, used 85285K [0x0000000080000000, 0x000000008a300000, 0x00000000d5580000)
  object space 166912K, 51% used [0x0000000080000000,0x0000000085349430,0x000000008a300000)
 Metaspace       used 91425K, capacity 95770K, committed 96152K, reserved 1132544K
  class space    used 11997K, capacity 12848K, committed 12976K, reserved 1048576K
Event: 839.323 GC heap after
Heap after GC invocations=21 (full 4):
 PSYoungGen      total 342528K, used 18405K [0x00000000d5580000, 0x00000000eea80000, 0x0000000100000000)
  eden space 300032K, 0% used [0x00000000d5580000,0x00000000d5580000,0x00000000e7a80000)
  from space 42496K, 43% used [0x00000000e7a80000,0x00000000e8c79490,0x00000000ea400000)
  to   space 40960K, 0% used [0x00000000ec280000,0x00000000ec280000,0x00000000eea80000)
 ParOldGen       total 166912K, used 85293K [0x0000000080000000, 0x000000008a300000, 0x00000000d5580000)
  object space 166912K, 51% used [0x0000000080000000,0x000000008534b430,0x000000008a300000)
 Metaspace       used 91425K, capacity 95770K, committed 96152K, reserved 1132544K
  class space    used 11997K, capacity 12848K, committed 12976K, reserved 1048576K
}

