# JRE version: OpenJDK Runtime Environment (8.0_242-b01) (build 1.8.0_242-release-1644-b01)
# Java VM: OpenJDK 64-Bit Server VM (25.242-b01 mixed mode windows-amd64 compressed oops)
Heap:
 PSYoungGen      total 396800K, used 198235K [0x00000000d5580000, 0x00000000f2600000, 0x0000000100000000)
  eden space 359424K, 50% used [0x00000000d5580000,0x00000000e07e7320,0x00000000eb480000)
  from space 37376K, 41% used [0x00000000eb480000,0x00000000ec3af9e8,0x00000000ed900000)
  to   space 35328K, 0% used [0x00000000f0380000,0x00000000f0380000,0x00000000f2600000)
 ParOldGen       total 122368K, used 50950K [0x0000000080000000, 0x0000000087780000, 0x00000000d5580000)
  object space 122368K, 41% used [0x0000000080000000,0x00000000831c1b48,0x0000000087780000)
 Metaspace       used 94981K, capacity 99440K, committed 99888K, reserved 1136640K
  class space    used 12410K, capacity 13251K, committed 13360K, reserved 1048576K
GC Heap History (10 events):
Event: 37.015 GC heap before
{Heap before GC invocations=17 (full 3):
 PSYoungGen      total 261632K, used 259396K [0x00000000d5580000, 0x00000000ea980000, 0x0000000100000000)
  eden space 243712K, 100% used [0x00000000d5580000,0x00000000e4380000,0x00000000e4380000)
  from space 17920K, 87% used [0x00000000e4380000,0x00000000e52d1050,0x00000000e5500000)
  to   space 19968K, 0% used [0x00000000e9600000,0x00000000e9600000,0x00000000ea980000)
 ParOldGen       total 81408K, used 32865K [0x0000000080000000, 0x0000000084f80000, 0x00000000d5580000)
  object space 81408K, 40% used [0x0000000080000000,0x0000000082018648,0x0000000084f80000)
 Metaspace       used 70712K, capacity 73638K, committed 73904K, reserved 1114112K
  class space    used 9485K, capacity 10066K, committed 10160K, reserved 1048576K
Event: 37.049 GC heap after
Heap after GC invocations=17 (full 3):
 PSYoungGen      total 320000K, used 19848K [0x00000000d5580000, 0x00000000ea980000, 0x0000000100000000)
  eden space 300032K, 0% used [0x00000000d5580000,0x00000000d5580000,0x00000000e7a80000)
  from space 19968K, 99% used [0x00000000e9600000,0x00000000ea962308,0x00000000ea980000)
  to   space 23040K, 0% used [0x00000000e7c80000,0x00000000e7c80000,0x00000000e9300000)
 ParOldGen       total 81408K, used 32873K [0x0000000080000000, 0x0000000084f80000, 0x00000000d5580000)
  object space 81408K, 40% used [0x0000000080000000,0x000000008201a648,0x0000000084f80000)
 Metaspace       used 70712K, capacity 73638K, committed 73904K, reserved 1114112K
  class space    used 9485K, capacity 10066K, committed 10160K, reserved 1048576K
}
Event: 46.836 GC heap before
{Heap before GC invocations=18 (full 3):
 PSYoungGen      total 320000K, used 319880K [0x00000000d5580000, 0x00000000ea980000, 0x0000000100000000)
  eden space 300032K, 100% used [0x00000000d5580000,0x00000000e7a80000,0x00000000e7a80000)
  from space 19968K, 99% used [0x00000000e9600000,0x00000000ea962308,0x00000000ea980000)
  to   space 23040K, 0% used [0x00000000e7c80000,0x00000000e7c80000,0x00000000e9300000)
 ParOldGen       total 81408K, used 32873K [0x0000000080000000, 0x0000000084f80000, 0x00000000d5580000)
  object space 81408K, 40% used [0x0000000080000000,0x000000008201a648,0x0000000084f80000)
 Metaspace       used 86332K, capacity 90628K, committed 90800K, reserved 1128448K
  class space    used 11655K, capacity 12429K, committed 12464K, reserved 1048576K
Event: 46.964 GC heap after
Heap after GC invocations=18 (full 3):
 PSYoungGen      total 325120K, used 23022K [0x00000000d5580000, 0x00000000f0580000, 0x0000000100000000)
  eden space 302080K, 0% used [0x00000000d5580000,0x00000000d5580000,0x00000000e7c80000)
  from space 23040K, 99% used [0x00000000e7c80000,0x00000000e92fbb38,0x00000000e9300000)
  to   space 36864K, 0% used [0x00000000ee180000,0x00000000ee180000,0x00000000f0580000)
 ParOldGen       total 81408K, used 60414K [0x0000000080000000, 0x0000000084f80000, 0x00000000d5580000)
  object space 81408K, 74% used [0x0000000080000000,0x0000000083affb98,0x0000000084f80000)
 Metaspace       used 86332K, capacity 90628K, committed 90800K, reserved 1128448K
  class space    used 11655K, capacity 12429K, committed 12464K, reserved 1048576K
}
Event: 973.996 GC heap before
{Heap before GC invocations=19 (full 3):
 PSYoungGen      total 325120K, used 325102K [0x00000000d5580000, 0x00000000f0580000, 0x0000000100000000)
  eden space 302080K, 100% used [0x00000000d5580000,0x00000000e7c80000,0x00000000e7c80000)
  from space 23040K, 99% used [0x00000000e7c80000,0x00000000e92fbb38,0x00000000e9300000)
  to   space 36864K, 0% used [0x00000000ee180000,0x00000000ee180000,0x00000000f0580000)
 ParOldGen       total 81408K, used 60414K [0x0000000080000000, 0x0000000084f80000, 0x00000000d5580000)
  object space 81408K, 74% used [0x0000000080000000,0x0000000083affb98,0x0000000084f80000)
 Metaspace       used 93453K, capacity 98098K, committed 98352K, reserved 1134592K
  class space    used 12421K, capacity 13290K, committed 13360K, reserved 1048576K
Event: 974.059 GC heap after
Heap after GC invocations=19 (full 3):
 PSYoungGen      total 388096K, used 21659K [0x00000000d5580000, 0x00000000efd80000, 0x0000000100000000)
  eden space 359424K, 0% used [0x00000000d5580000,0x00000000d5580000,0x00000000eb480000)
  from space 28672K, 75% used [0x00000000ee180000,0x00000000ef6a6f30,0x00000000efd80000)
  to   space 37376K, 0% used [0x00000000eb480000,0x00000000eb480000,0x00000000ed900000)
 ParOldGen       total 81408K, used 70481K [0x0000000080000000, 0x0000000084f80000, 0x00000000d5580000)
  object space 81408K, 86% used [0x0000000080000000,0x00000000844d4458,0x0000000084f80000)
 Metaspace       used 93453K, capacity 98098K, committed 98352K, reserved 1134592K
  class space    used 12421K, capacity 13290K, committed 13360K, reserved 1048576K
}
Event: 974.059 GC heap before
{Heap before GC invocations=20 (full 4):
 PSYoungGen      total 388096K, used 21659K [0x00000000d5580000, 0x00000000efd80000, 0x0000000100000000)
  eden space 359424K, 0% used [0x00000000d5580000,0x00000000d5580000,0x00000000eb480000)
  from space 28672K, 75% used [0x00000000ee180000,0x00000000ef6a6f30,0x00000000efd80000)
  to   space 37376K, 0% used [0x00000000eb480000,0x00000000eb480000,0x00000000ed900000)
 ParOldGen       total 81408K, used 70481K [0x0000000080000000, 0x0000000084f80000, 0x00000000d5580000)
  object space 81408K, 86% used [0x0000000080000000,0x00000000844d4458,0x0000000084f80000)
 Metaspace       used 93453K, capacity 98098K, committed 98352K, reserved 1134592K
  class space    used 12421K, capacity 13290K, committed 13360K, reserved 1048576K
Event: 974.333 GC heap after
Heap after GC invocations=20 (full 4):
 PSYoungGen      total 388096K, used 0K [0x00000000d5580000, 0x00000000efd80000, 0x0000000100000000)
  eden space 359424K, 0% used [0x00000000d5580000,0x00000000d5580000,0x00000000eb480000)
  from space 28672K, 0% used [0x00000000ee180000,0x00000000ee180000,0x00000000efd80000)
  to   space 37376K, 0% used [0x00000000eb480000,0x00000000eb480000,0x00000000ed900000)
 ParOldGen       total 122368K, used 50942K [0x0000000080000000, 0x0000000087780000, 0x00000000d5580000)
  object space 122368K, 41% used [0x0000000080000000,0x00000000831bfb48,0x0000000087780000)
 Metaspace       used 93149K, capacity 97246K, committed 98352K, reserved 1134592K
  class space    used 12319K, capacity 13110K, committed 13360K, reserved 1048576K
}
Event: 1164.212 GC heap before
{Heap before GC invocations=21 (full 4):
 PSYoungGen      total 388096K, used 359424K [0x00000000d5580000, 0x00000000efd80000, 0x0000000100000000)
  eden space 359424K, 100% used [0x00000000d5580000,0x00000000eb480000,0x00000000eb480000)
  from space 28672K, 0% used [0x00000000ee180000,0x00000000ee180000,0x00000000efd80000)
  to   space 37376K, 0% used [0x00000000eb480000,0x00000000eb480000,0x00000000ed900000)
 ParOldGen       total 122368K, used 50942K [0x0000000080000000, 0x0000000087780000, 0x00000000d5580000)
  object space 122368K, 41% used [0x0000000080000000,0x00000000831bfb48,0x0000000087780000)
 Metaspace       used 94629K, capacity 98998K, committed 99632K, reserved 1136640K
  class space    used 12385K, capacity 13212K, committed 13360K, reserved 1048576K
Event: 1164.238 GC heap after
Heap after GC invocations=21 (full 4):
 PSYoungGen      total 396800K, used 15550K [0x00000000d5580000, 0x00000000f2600000, 0x0000000100000000)
  eden space 359424K, 0% used [0x00000000d5580000,0x00000000d5580000,0x00000000eb480000)
  from space 37376K, 41% used [0x00000000eb480000,0x00000000ec3af9e8,0x00000000ed900000)
  to   space 35328K, 0% used [0x00000000f0380000,0x00000000f0380000,0x00000000f2600000)
 ParOldGen       total 122368K, used 50950K [0x0000000080000000, 0x0000000087780000, 0x00000000d5580000)
  object space 122368K, 41% used [0x0000000080000000,0x00000000831c1b48,0x0000000087780000)
 Metaspace       used 94629K, capacity 98998K, committed 99632K, reserved 1136640K
  class space    used 12385K, capacity 13212K, committed 13360K, reserved 1048576K
}

